2025-10-19 02:27:26 INFO  enums.CurrencyType - CurrencyType enum loaded into memory.
2025-10-19 02:27:26 INFO  org.main.App - Currency: USD
2025-10-19 02:27:26 INFO  org.main.App - Symbol: $
2025-10-19 02:27:26 INFO  org.main.App - Format 1000: $1000.00
2025-10-19 02:27:26 INFO  org.main.App - 
2025-10-19 02:27:26 INFO  enums.AccountType - AccountType enum loaded into memory
2025-10-19 02:27:26 INFO  org.main.App - Account type: SAVINGS
2025-10-19 02:27:26 INFO  org.main.App - Daily interest rate on 1000 = 30.0
2025-10-19 02:27:26 INFO  org.main.App - 
2025-10-19 02:27:26 INFO  enums.RiskLevel - RiskLevel enum loaded into memory
2025-10-19 02:27:26 INFO  enums.LoanType - LoanType enum loaded into memory.
2025-10-19 02:27:26 INFO  model.CheckingAccount - Withdraw was success
2025-10-19 02:27:26 INFO  org.main.App - Withdraw operation has ended
2025-10-19 02:27:26 INFO  trading.Trader - Accounts for customer Bob:
2025-10-19 02:27:26 INFO  trading.Trader -  - ACC002 : 500.0
2025-10-19 02:27:26 INFO  org.main.App - Net worth of BOG is: 120000000
2025-10-19 02:27:26 INFO  service.ReportGenerator - --- Customer Report for Bob ---
2025-10-19 02:27:26 INFO  service.ReportGenerator - Account: ACC002 | Balance: 500.0
2025-10-19 02:27:26 INFO  enums.TransactionStatus - TransactionStatus enum loaded into memory.
2025-10-19 02:27:26 INFO  transaction.Transaction - Transfer completed successfully. Message: test
2025-10-19 02:27:26 INFO  org.main.App - Transaction status: PENDING
2025-10-19 02:27:26 INFO  org.main.App - Transaction info: Transaction [PENDING] - Amount: 100.0, Status: Waiting for approval, Message: test
2025-10-19 02:27:26 INFO  org.main.App - After completion: Transaction [COMPLETED] - Amount: 100.0, Status: Transaction successful, Message: test
2025-10-19 02:27:26 INFO  org.main.App - Bank supports USD: true
2025-10-19 02:27:26 INFO  org.main.App - Bank supports EUR: true
2025-10-19 02:27:26 INFO  org.main.App - Pending transactions: 0
2025-10-19 02:27:26 INFO  org.main.App - Completed transactions: 1
2025-10-19 02:27:26 INFO  org.main.App - Bank info: Bank: Bank of Georgia - Customers: 2, Employees: 0, Currencies: 4, Transactions: 1
2025-10-19 02:27:26 INFO  org.main.App - Is overdraft in use: false
2025-10-19 02:27:26 INFO  org.main.App - Total amount after year of saving will be: 13500.0
2025-10-19 02:27:26 INFO  service.ReportGenerator - --- Customer Report for Bob ---
2025-10-19 02:27:26 INFO  service.ReportGenerator - Account: ACC002 | Balance: 600.0
2025-10-19 02:27:26 INFO  org.main.App - Alice Accounts:
2025-10-19 02:27:26 INFO  model.Customer - Account: Account number: ACC001, Balance: 900.0
2025-10-19 02:27:26 INFO  org.main.App - Account Alice info: Account ACC001 [SAVINGS] - Balance: $900.00
2025-10-19 02:27:26 INFO  org.main.App - Formatted balance: $900.00
2025-10-19 02:27:26 INFO  org.main.App - Interest for account type: 27.0
2025-10-19 02:27:26 INFO  org.main.App - Account Bob info: Account ACC002 [SAVINGS] - Balance: $600.00
2025-10-19 02:27:26 INFO  org.main.App - Formatted balance: $600.00
2025-10-19 02:27:26 INFO  org.main.App - ------- Inheritance output ----------
2025-10-19 02:27:26 INFO  employee.Manager - Loan approved: 6000
2025-10-19 02:27:26 INFO  employee.BankEmployee - Bank employee George is serving customers at the bank counter
2025-10-19 02:27:26 INFO  employee.Manager - Manager Nika is holding a team meeting
2025-10-19 02:27:26 INFO  model.Customer - Customer Entered the Bank
2025-10-19 02:27:26 INFO  org.main.App - 
2025-10-19 02:27:26 INFO  org.main.App - 
2025-10-19 02:27:26 INFO  document.Contract - Contract ID: 001, Date: 2025-10-19
2025-10-19 02:27:26 INFO  document.Contract - PartyA: Alpha, PartyB: Beta
2025-10-19 02:27:26 INFO  document.Receipt - Receipt ID: 002, Date: 2025-10-19
2025-10-19 02:27:26 INFO  document.Receipt - Transaction: Groceries, Amount: 100
2025-10-19 02:27:26 INFO  model.Customer - Customer Entered the Bank
2025-10-19 02:27:26 INFO  model.Customer - Saved the data into Bank DataBase
2025-10-19 02:27:26 INFO  model.Account - Saved to some Database
2025-10-19 02:27:26 INFO  transaction.Loan - | LOAN | Money Transferred: 500
2025-10-19 02:27:26 INFO  transaction.Transaction - | TRANSACTION | Money Transferred: 100.0
2025-10-19 02:27:26 INFO  org.main.App - Loan info: Loan [PERSONAL] - Amount: 500, Risk: Not Safe, Type: PERSONAL
2025-10-19 02:27:26 INFO  org.main.App - Total interest for 2 years: 50.0
2025-10-19 02:27:26 INFO  org.main.App - Adjusted interest rate: 0.15000000000000002
2025-10-19 02:27:26 INFO  org.main.App - Is high risk loan: true
2025-10-19 02:27:26 INFO  org.main.App - Risk penalty: 0.1
2025-10-19 02:27:26 INFO  service.ReportGenerator - === Printing Document ===
2025-10-19 02:27:26 INFO  employee.Person - First name - Giga, Last name - Tsitsagi
2025-10-19 02:27:26 INFO  service.ReportGenerator - =========================
2025-10-19 02:27:26 INFO  service.ReportGenerator - === Printing Document ===
2025-10-19 02:27:26 INFO  employee.Person - First name - salome, Last name - smthng
2025-10-19 02:27:26 INFO  employee.Employee - Employee id - E003
2025-10-19 02:27:26 INFO  employee.BankEmployee - Bank Employee
2025-10-19 02:27:26 INFO  service.ReportGenerator - =========================
2025-10-19 02:27:26 INFO  service.ReportGenerator - === Printing Document ===
2025-10-19 02:27:26 INFO  employee.Person - First name - rati, Last name - smthng1
2025-10-19 02:27:26 INFO  employee.Employee - Employee id - E004
2025-10-19 02:27:26 INFO  employee.BankEmployee - Bank Employee
2025-10-19 02:27:26 INFO  employee.Manager - Manager: salary => 5000
2025-10-19 02:27:26 INFO  service.ReportGenerator - =========================
2025-10-19 02:27:26 INFO  autocloseable.DatabaseConnection - Connection opened: BankDb
2025-10-19 02:27:26 INFO  autocloseable.DatabaseConnection - Executing query on BankDb: SELECT * FROM Accounts
2025-10-19 02:27:26 INFO  autocloseable.DatabaseConnection - Executing query on BankDb: SELECT * FROM Customers
2025-10-19 02:27:26 INFO  autocloseable.DatabaseConnection - Connection Closed: BankDb
2025-10-19 02:27:26 INFO  service.AccountPrinter - Account info: Account number: ACC001, Balance: 900.0
2025-10-19 02:27:26 INFO  service.AccountPrinter - Account info: SavingsAccount{accountNumber='ACC004', balance=1000, interestRate=12.5}
2025-10-19 02:27:26 INFO  org.main.App - Notification for Customer name: Bob, Accounts: 1: Hello
2025-10-19 02:27:26 INFO  org.main.App - Notification for CheckingAccount{accountNumber='ACC003', balance=2000, overdraftLimit=250}: Good balance
2025-10-19 02:27:26 INFO  org.main.App - nika adult? true
2025-10-19 02:27:26 INFO  org.main.App - giga adult? true
2025-10-19 02:27:26 INFO  org.main.App - salome adult? false
2025-10-19 02:27:26 INFO  org.main.App - Name: nika
2025-10-19 02:27:26 INFO  org.main.App - Name: giga
2025-10-19 02:27:26 INFO  org.main.App - Name: salome
2025-10-19 02:27:26 INFO  org.main.App - Customer: Customer name: nika, Accounts: 0
2025-10-19 02:27:26 INFO  org.main.App - Customer: Customer name: giga, Accounts: 0
2025-10-19 02:27:26 INFO  org.main.App - Customer: Customer name: salome, Accounts: 0
2025-10-19 02:27:26 INFO  org.main.App - Default balance: 1000
2025-10-19 02:27:26 INFO  org.main.App - Balance after interest: 1050.00
2025-10-19 02:27:26 INFO  org.main.App - Email to C001: Your account balance is below minimum!
2025-10-19 02:27:26 INFO  org.main.App - Alice loan approved? true
2025-10-19 02:27:26 INFO  org.main.App - Bob loan approved? false
2025-10-19 02:27:26 INFO  org.main.App - 
2025-10-19 02:27:26 INFO  org.main.App - Status: PENDING
2025-10-19 02:27:26 INFO  org.main.App - Description: Waiting for approval
2025-10-19 02:27:26 INFO  org.main.App - Is final? false
2025-10-19 02:27:26 INFO  org.main.App - Updated status: COMPLETED
2025-10-19 02:27:26 INFO  org.main.App - Is final? true
2025-10-19 02:27:26 INFO  org.main.App - 
2025-10-19 02:27:26 INFO  org.main.App - Risk: HIGH
2025-10-19 02:27:26 INFO  org.main.App - Description: Not Safe
2025-10-19 02:27:26 INFO  org.main.App - Penalty rate: 0.1
2025-10-19 02:27:26 INFO  org.main.App - Adjusted loan rate: 0.15000000000000002
2025-10-19 02:27:26 INFO  org.main.App - 
2025-10-19 02:27:26 INFO  org.main.App - From: USD
2025-10-19 02:27:26 INFO  org.main.App - To: EUR
2025-10-19 02:27:26 INFO  org.main.App - Rate: 0.92
2025-10-19 02:27:26 INFO  org.main.App - 100 USD = 92.00 EUR
2025-10-19 02:27:26 INFO  model.Account - Processing operation on account ACC002
2025-10-19 02:27:26 INFO  model.Account - Operation complete. New balance: 1100.0
2025-10-19 02:27:26 INFO  model.Account - Processing operation on account ACC002
2025-10-19 02:27:26 INFO  model.Account - Operation complete. New balance: 900.0
2025-10-19 02:27:26 INFO  model.Account - Processing operation on account ACC002
2025-10-19 02:27:26 INFO  model.Account - Operation complete. New balance: 945.000
2025-10-19 02:27:26 INFO  org.main.App - Done! Results saved in result.txt
2025-10-19 02:27:26 INFO  org.main.App - Creating 2 threads
2025-10-19 02:27:26 INFO  org.main.App - Thread 2 running
2025-10-19 02:27:26 INFO  org.main.App - Thread 1 running
2025-10-19 02:27:27 INFO  org.main.App - Thread 2 done
2025-10-19 02:27:27 INFO  org.main.App - Thread 1 done
2025-10-19 02:27:27 INFO  org.main.App - Creating connection pool
2025-10-19 02:27:27 INFO  concurrent.ConnectionPool - Pool created with 5 connections
2025-10-19 02:27:27 INFO  concurrent.AccountDao - Connection created: CONN-1
2025-10-19 02:27:27 INFO  concurrent.AccountDao - Connection created: CONN-2
2025-10-19 02:27:27 INFO  concurrent.AccountDao - Connection created: CONN-7
2025-10-19 02:27:27 INFO  concurrent.ConnectionPool - Created new connection CONN-2
2025-10-19 02:27:27 INFO  concurrent.AccountDao - Connection created: CONN-5
2025-10-19 02:27:27 INFO  concurrent.AccountDao - Connection created: CONN-4
2025-10-19 02:27:27 INFO  org.main.App - Thread 6 got connection CONN-2
2025-10-19 02:27:27 INFO  concurrent.ConnectionPool - Created new connection CONN-4
2025-10-19 02:27:27 INFO  concurrent.AccountDao - Connection created: CONN-6
2025-10-19 02:27:27 INFO  concurrent.AccountDao - Connection created: CONN-3
2025-10-19 02:27:27 INFO  concurrent.ConnectionPool - Created new connection CONN-1
2025-10-19 02:27:27 INFO  concurrent.ConnectionPool - Created new connection CONN-5
2025-10-19 02:27:27 INFO  concurrent.ConnectionPool - Created new connection CONN-6
2025-10-19 02:27:27 INFO  concurrent.ConnectionPool - Created new connection CONN-7
2025-10-19 02:27:27 INFO  org.main.App - Thread 5 got connection CONN-5
2025-10-19 02:27:27 INFO  concurrent.ConnectionPool - Created new connection CONN-3
2025-10-19 02:27:27 INFO  org.main.App - Thread 4 got connection CONN-4
2025-10-19 02:27:27 INFO  org.main.App - Thread 7 got connection CONN-7
2025-10-19 02:27:27 INFO  org.main.App - Thread 1 got connection CONN-1
2025-10-19 02:27:27 INFO  org.main.App - Thread 3 got connection CONN-3
2025-10-19 02:27:27 INFO  org.main.App - Thread 2 got connection CONN-6
2025-10-19 02:27:28 INFO  concurrent.ConnectionPool - Released connection CONN-4
2025-10-19 02:27:28 INFO  concurrent.ConnectionPool - Released connection CONN-5
2025-10-19 02:27:28 INFO  concurrent.ConnectionPool - Released connection CONN-7
2025-10-19 02:27:28 INFO  concurrent.ConnectionPool - Released connection CONN-1
2025-10-19 02:27:28 INFO  concurrent.ConnectionPool - Released connection CONN-2
2025-10-19 02:27:28 INFO  org.main.App - Creating ThreadPool
2025-10-19 02:27:28 INFO  concurrent.ConnectionPool - Got existing connection CONN-7
2025-10-19 02:27:28 INFO  org.main.App - Pool task 1 got connection CONN-7
2025-10-19 02:27:28 INFO  concurrent.ConnectionPool - Got existing connection CONN-2
2025-10-19 02:27:28 INFO  concurrent.ConnectionPool - Got existing connection CONN-4
2025-10-19 02:27:28 INFO  org.main.App - Pool task 5 got connection CONN-2
2025-10-19 02:27:28 INFO  org.main.App - Pool task 4 got connection CONN-4
2025-10-19 02:27:28 INFO  concurrent.ConnectionPool - Got existing connection CONN-5
2025-10-19 02:27:28 INFO  concurrent.ConnectionPool - Pool full, waiting for connection
2025-10-19 02:27:28 INFO  concurrent.ConnectionPool - Got existing connection CONN-1
2025-10-19 02:27:28 INFO  org.main.App - Pool task 2 got connection CONN-5
2025-10-19 02:27:28 INFO  org.main.App - Pool task 3 got connection CONN-1
2025-10-19 02:27:28 INFO  concurrent.ConnectionPool - Pool full, waiting for connection
2025-10-19 02:27:29 INFO  concurrent.ConnectionPool - Released connection CONN-2
2025-10-19 02:27:29 INFO  org.main.App - Pool task 7 got connection CONN-2
2025-10-19 02:27:29 INFO  concurrent.ConnectionPool - Released connection CONN-5
2025-10-19 02:27:29 INFO  concurrent.ConnectionPool - Released connection CONN-4
2025-10-19 02:27:29 INFO  concurrent.ConnectionPool - Released connection CONN-1
2025-10-19 02:27:29 INFO  org.main.App - Pool task 6 got connection CONN-5
2025-10-19 02:27:29 INFO  concurrent.ConnectionPool - Released connection CONN-7
2025-10-19 02:27:30 INFO  concurrent.ConnectionPool - Released connection CONN-5
2025-10-19 02:27:30 INFO  concurrent.ConnectionPool - Released connection CONN-2
2025-10-19 02:27:30 INFO  org.main.App - Creating ExecutorService
2025-10-19 02:27:30 INFO  concurrent.ConnectionPool - Got existing connection CONN-1
2025-10-19 02:27:30 INFO  concurrent.ConnectionPool - Got existing connection CONN-7
2025-10-19 02:27:30 INFO  org.main.App - Executor task 1 got connection CONN-1
2025-10-19 02:27:30 INFO  org.main.App - Executor task 2 got connection CONN-7
2025-10-19 02:27:30 INFO  concurrent.ConnectionPool - Got existing connection CONN-2
2025-10-19 02:27:30 INFO  concurrent.ConnectionPool - Pool full, waiting for connection
2025-10-19 02:27:30 INFO  concurrent.ConnectionPool - Got existing connection CONN-5
2025-10-19 02:27:30 INFO  concurrent.ConnectionPool - Got existing connection CONN-4
2025-10-19 02:27:30 INFO  org.main.App - Executor task 4 got connection CONN-5
2025-10-19 02:27:30 INFO  org.main.App - Executor task 3 got connection CONN-4
2025-10-19 02:27:30 INFO  concurrent.ConnectionPool - Pool full, waiting for connection
2025-10-19 02:27:30 INFO  org.main.App - Executor task 5 got connection CONN-2
2025-10-19 02:27:31 INFO  concurrent.ConnectionPool - Released connection CONN-7
2025-10-19 02:27:31 INFO  concurrent.ConnectionPool - Released connection CONN-4
2025-10-19 02:27:31 INFO  concurrent.ConnectionPool - Released connection CONN-1
2025-10-19 02:27:31 INFO  org.main.App - Executor task 6 got connection CONN-5
2025-10-19 02:27:31 INFO  concurrent.ConnectionPool - Released connection CONN-2
2025-10-19 02:27:31 INFO  concurrent.ConnectionPool - Released connection CONN-5
2025-10-19 02:27:31 INFO  org.main.App - Executor task 7 got connection CONN-1
2025-10-19 02:27:32 INFO  concurrent.ConnectionPool - Released connection CONN-5
2025-10-19 02:27:32 INFO  concurrent.ConnectionPool - Released connection CONN-1
